<?xml version="1.0" encoding="UTF-8"?>
<!-- Generated by org.testng.reporters.JUnitReportReporter -->
<testsuite skipped="0" hostname="DESKTOP-9AKJP7N" name="datadriven_concept.createexcelTest" tests="1" failures="0" timestamp="28 Sep 2019 17:12:02 GMT" time="1.250" errors="0">
  <testcase name="create" time="1.250" classname="datadriven_concept.createexcelTest"/>
</testsuite> <!-- datadriven_concept.createexcelTest -->
