<?xml version="1.0" encoding="UTF-8"?>
<!-- Generated by org.testng.reporters.JUnitReportReporter -->
<testsuite skipped="0" hostname="DESKTOP-9AKJP7N" name="Testng_scenario.frameTest" tests="1" failures="0" timestamp="14 Sep 2019 16:40:09 GMT" time="39.119" errors="0">
  <testcase name="browser" time="39.119" classname="Testng_scenario.frameTest"/>
</testsuite> <!-- Testng_scenario.frameTest -->
