<?xml version="1.0" encoding="UTF-8"?>
<!-- Generated by org.testng.reporters.JUnitReportReporter -->
<testsuite skipped="0" hostname="DESKTOP-9AKJP7N" name="selenium_grid.GridexampleTest" tests="1" failures="0" timestamp="16 Sep 2019 13:55:18 GMT" time="21.416" errors="0">
  <testcase name="grid" time="21.416" classname="selenium_grid.GridexampleTest"/>
</testsuite> <!-- selenium_grid.GridexampleTest -->
