<?xml version="1.0" encoding="UTF-8"?>
<!-- Generated by org.testng.reporters.JUnitReportReporter -->
<testsuite skipped="0" hostname="DESKTOP-9AKJP7N" name="Selenium.Mavenproject.GroupingTest" tests="4" failures="0" timestamp="08 Sep 2019 14:10:49 GMT" time="0.033" errors="0">
  <testcase name="vanilla" time="0.024" classname="Selenium.Mavenproject.GroupingTest"/>
  <testcase name="butterscotch" time="0.003" classname="Selenium.Mavenproject.GroupingTest"/>
  <testcase name="strawbery" time="0.003" classname="Selenium.Mavenproject.GroupingTest"/>
  <testcase name="orange" time="0.003" classname="Selenium.Mavenproject.GroupingTest"/>
</testsuite> <!-- Selenium.Mavenproject.GroupingTest -->
