<?xml version="1.0" encoding="UTF-8"?>
<!-- Generated by org.testng.reporters.JUnitReportReporter -->
<testsuite skipped="0" hostname="DESKTOP-9AKJP7N" name="database.EmployeeInfoTest" tests="1" failures="0" timestamp="19 Sep 2019 17:12:46 GMT" time="0.451" errors="0">
  <testcase name="showdata" time="0.451" classname="database.EmployeeInfoTest"/>
</testsuite> <!-- database.EmployeeInfoTest -->
