<?xml version="1.0" encoding="UTF-8"?>
<!-- Generated by org.testng.reporters.JUnitReportReporter -->
<testsuite skipped="0" hostname="DESKTOP-9AKJP7N" name="password.PasswordTest" tests="1" failures="0" timestamp="2019-10-08T16:40:28 IST" time="22.454" errors="0">
  <testcase name="f" time="22.454" classname="password.PasswordTest"/>
</testsuite> <!-- password.PasswordTest -->
