<?xml version="1.0" encoding="UTF-8"?>
<!-- Generated by org.testng.reporters.JUnitReportReporter -->
<testsuite skipped="0" hostname="DESKTOP-9AKJP7N" name="database.selectspecificdataTest" tests="1" failures="0" timestamp="23 Sep 2019 07:36:05 GMT" time="0.773" errors="0">
  <testcase name="select" time="0.773" classname="database.selectspecificdataTest"/>
</testsuite> <!-- database.selectspecificdataTest -->
