<?xml version="1.0" encoding="UTF-8"?>
<!-- Generated by org.testng.reporters.JUnitReportReporter -->
<testsuite skipped="0" hostname="DESKTOP-9AKJP7N" name="datadriven_concept.Write_in_existing_exceltest" tests="1" failures="0" timestamp="30 Sep 2019 14:36:09 GMT" time="3.046" errors="0">
  <testcase name="f" time="3.046" classname="datadriven_concept.Write_in_existing_exceltest"/>
</testsuite> <!-- datadriven_concept.Write_in_existing_exceltest -->
