<?xml version="1.0" encoding="UTF-8"?>
<!-- Generated by org.testng.reporters.JUnitReportReporter -->
<testsuite skipped="0" hostname="DESKTOP-9AKJP7N" name="datadriven_concept.Readexcel_switchcaseTest" tests="1" failures="0" timestamp="25 Sep 2019 15:53:10 GMT" time="0.854" errors="0">
  <testcase name="read" time="0.854" classname="datadriven_concept.Readexcel_switchcaseTest"/>
</testsuite> <!-- datadriven_concept.Readexcel_switchcaseTest -->
