<?xml version="1.0" encoding="UTF-8"?>
<!-- Generated by org.testng.reporters.JUnitReportReporter -->
<testsuite skipped="0" hostname="DESKTOP-9AKJP7N" name="Testng_scenario.browsefileTest" tests="2" failures="0" timestamp="12 Sep 2019 17:13:24 GMT" time="33.592" errors="0">
  <testcase name="signin" time="33.123" classname="Testng_scenario.browsefileTest"/>
  <testcase name="login" time="0.469" classname="Testng_scenario.browsefileTest"/>
</testsuite> <!-- Testng_scenario.browsefileTest -->
