<?xml version="1.0" encoding="UTF-8"?>
<!-- Generated by org.testng.reporters.JUnitReportReporter -->
<testsuite skipped="0" hostname="DESKTOP-9AKJP7N" name="selenium_grid.GridtwonodeTest" tests="2" failures="0" timestamp="16 Sep 2019 14:22:56 GMT" time="84.933" errors="0">
  <testcase name="chrome" time="32.581" classname="selenium_grid.GridtwonodeTest"/>
  <testcase name="firefox" time="52.352" classname="selenium_grid.GridtwonodeTest"/>
</testsuite> <!-- selenium_grid.GridtwonodeTest -->
