<?xml version="1.0" encoding="UTF-8"?>
<!-- Generated by org.testng.reporters.JUnitReportReporter -->
<testsuite skipped="0" hostname="DESKTOP-9AKJP7N" name="database.updatedataTest" tests="1" failures="0" timestamp="20 Sep 2019 14:22:35 GMT" time="0.609" errors="0">
  <testcase name="update" time="0.609" classname="database.updatedataTest"/>
</testsuite> <!-- database.updatedataTest -->
