<?xml version="1.0" encoding="UTF-8"?>
<!-- Generated by org.testng.reporters.JUnitReportReporter -->
<testsuite skipped="0" hostname="DESKTOP-9AKJP7N" name="Testng_scenario.gmailcreationTest" tests="1" failures="0" timestamp="07 Sep 2019 14:15:16 GMT" time="0.143" errors="0">
  <testcase name="account" time="0.143" classname="Testng_scenario.gmailcreationTest"/>
</testsuite> <!-- Testng_scenario.gmailcreationTest -->
