<?xml version="1.0" encoding="UTF-8"?>
<!-- Generated by org.testng.reporters.JUnitReportReporter -->
<testsuite skipped="0" hostname="DESKTOP-9AKJP7N" name="Testng_scenario.headlessTest" tests="1" failures="0" timestamp="04 Sep 2019 16:45:52 GMT" time="91.377" errors="0">
  <testcase name="f" time="91.377" classname="Testng_scenario.headlessTest"/>
</testsuite> <!-- Testng_scenario.headlessTest -->
