<?xml version="1.0" encoding="UTF-8"?>
<!-- Generated by org.testng.reporters.JUnitReportReporter -->
<testsuite skipped="0" hostname="DESKTOP-9AKJP7N" name="database.insertdataTest" tests="1" failures="0" timestamp="21 Sep 2019 13:13:12 GMT" time="0.540" errors="0">
  <testcase name="insert" time="0.540" classname="database.insertdataTest"/>
</testsuite> <!-- database.insertdataTest -->
