<?xml version="1.0" encoding="UTF-8"?>
<!-- Generated by org.testng.reporters.JUnitReportReporter -->
<testsuite skipped="0" hostname="DESKTOP-9AKJP7N" name="Testng_scenario.Google_searchTest" tests="1" failures="0" timestamp="2019-10-09T15:51:04 IST" time="14.336" errors="0">
  <testcase name="f" time="14.336" classname="Testng_scenario.Google_searchTest"/>
</testsuite> <!-- Testng_scenario.Google_searchTest -->
