<?xml version="1.0" encoding="UTF-8"?>
<!-- Generated by org.testng.reporters.JUnitReportReporter -->
<testsuite skipped="0" hostname="DESKTOP-9AKJP7N" name="database.deletedataTest" tests="1" failures="0" timestamp="20 Sep 2019 14:36:10 GMT" time="0.638" errors="0">
  <testcase name="delete" time="0.638" classname="database.deletedataTest"/>
</testsuite> <!-- database.deletedataTest -->
