<?xml version="1.0" encoding="UTF-8"?>
<!-- Generated by org.testng.reporters.JUnitReportReporter -->
<testsuite skipped="0" hostname="DESKTOP-9AKJP7N" name="Testng_scenario.KeyboardactionTest" tests="1" failures="0" timestamp="10 Sep 2019 18:01:36 GMT" time="22.909" errors="0">
  <testcase name="keyboard" time="22.909" classname="Testng_scenario.KeyboardactionTest"/>
</testsuite> <!-- Testng_scenario.KeyboardactionTest -->
