<?xml version="1.0" encoding="UTF-8"?>
<!-- Generated by org.testng.reporters.JUnitReportReporter -->
<testsuite skipped="0" hostname="DESKTOP-9AKJP7N" name="Testng_scenario.MaltiplewindowTest" tests="1" failures="0" timestamp="2019-10-11T21:24:26 IST" time="27.878" errors="0">
  <testcase name="Window" time="27.878" classname="Testng_scenario.MaltiplewindowTest"/>
</testsuite> <!-- Testng_scenario.MaltiplewindowTest -->
