<?xml version="1.0" encoding="UTF-8"?>
<!-- Generated by org.testng.reporters.JUnitReportReporter -->
<testsuite skipped="0" hostname="DESKTOP-9AKJP7N" name="Testng_scenario.mousehoveringTest" tests="1" failures="0" timestamp="2019-10-05T11:25:34 IST" time="45.746" errors="0">
  <testcase name="amezone" time="45.746" classname="Testng_scenario.mousehoveringTest"/>
</testsuite> <!-- Testng_scenario.mousehoveringTest -->
