<?xml version="1.0" encoding="UTF-8"?>
<!-- Generated by org.testng.reporters.JUnitReportReporter -->
<testsuite skipped="0" hostname="DESKTOP-9AKJP7N" name="datadriven_concept.Read_excel1Test" tests="1" failures="0" timestamp="26 Sep 2019 17:47:16 GMT" time="2.052" errors="0">
  <testcase name="data" time="2.052" classname="datadriven_concept.Read_excel1Test"/>
</testsuite> <!-- datadriven_concept.Read_excel1Test -->
