<?xml version="1.0" encoding="UTF-8"?>
<!-- Generated by org.testng.reporters.JUnitReportReporter -->
<testsuite skipped="0" hostname="DESKTOP-9AKJP7N" name="Testng_scenario.headlessscreenshotTest" tests="1" failures="0" timestamp="06 Sep 2019 13:50:44 GMT" time="10.339" errors="0">
  <testcase name="screenshot" time="10.339" classname="Testng_scenario.headlessscreenshotTest"/>
</testsuite> <!-- Testng_scenario.headlessscreenshotTest -->
