<?xml version="1.0" encoding="UTF-8"?>
<!-- Generated by org.testng.reporters.JUnitReportReporter -->
<testsuite skipped="0" hostname="DESKTOP-9AKJP7N" name="datadriven_concept.NaukariloginTest" tests="1" failures="0" timestamp="26 Sep 2019 17:55:05 GMT" time="32.653" errors="0">
  <testcase name="data" time="32.653" classname="datadriven_concept.NaukariloginTest"/>
</testsuite> <!-- datadriven_concept.NaukariloginTest -->
