<?xml version="1.0" encoding="UTF-8"?>
<!-- Generated by org.testng.reporters.JUnitReportReporter -->
<testsuite skipped="0" hostname="DESKTOP-9AKJP7N" name="Testng_scenario.FramehandlingTest" tests="1" failures="0" timestamp="22 Sep 2019 06:29:46 GMT" time="40.964" errors="0">
  <testcase name="frame" time="40.964" classname="Testng_scenario.FramehandlingTest"/>
</testsuite> <!-- Testng_scenario.FramehandlingTest -->
