<?xml version="1.0" encoding="UTF-8"?>
<!-- Generated by org.testng.reporters.JUnitReportReporter -->
<testsuite skipped="0" hostname="DESKTOP-9AKJP7N" name="Selenium.Mavenproject.AmazonTest" tests="1" failures="0" timestamp="27 Aug 2019 16:44:25 GMT" time="12.285" errors="0">
  <testcase name="f" time="12.285" classname="Selenium.Mavenproject.AmazonTest"/>
</testsuite> <!-- Selenium.Mavenproject.AmazonTest -->
