<?xml version="1.0" encoding="UTF-8"?>
<!-- Generated by org.testng.reporters.JUnitReportReporter -->
<testsuite skipped="0" hostname="DESKTOP-9AKJP7N" name="database.selectdataTest" tests="1" failures="0" timestamp="21 Sep 2019 13:34:57 GMT" time="0.513" errors="0">
  <testcase name="showdata" time="0.513" classname="database.selectdataTest"/>
</testsuite> <!-- database.selectdataTest -->
