<?xml version="1.0" encoding="UTF-8"?>
<!-- Generated by org.testng.reporters.JUnitReportReporter -->
<testsuite skipped="0" hostname="DESKTOP-9AKJP7N" name="database.distinctdataTest" tests="1" failures="0" timestamp="22 Sep 2019 06:49:35 GMT" time="0.554" errors="0">
  <testcase name="f" time="0.554" classname="database.distinctdataTest"/>
</testsuite> <!-- database.distinctdataTest -->
