<?xml version="1.0" encoding="UTF-8"?>
<!-- Generated by org.testng.reporters.JUnitReportReporter -->
<testsuite skipped="0" hostname="DESKTOP-9AKJP7N" name="Testng_scenario.mousehoveringTest" tests="1" failures="0" timestamp="07 Sep 2019 09:51:13 GMT" time="36.031" errors="0">
  <testcase name="amezone" time="36.031" classname="Testng_scenario.mousehoveringTest"/>
</testsuite> <!-- Testng_scenario.mousehoveringTest -->
