<?xml version="1.0" encoding="UTF-8"?>
<!-- Generated by org.testng.reporters.JUnitReportReporter -->
<testsuite skipped="0" hostname="DESKTOP-9AKJP7N" name="datadriven_concept.DataproviderTest" tests="3" failures="0" timestamp="30 Sep 2019 13:37:54 GMT" time="1.737" errors="0">
  <testcase name="f" time="0.668" classname="datadriven_concept.DataproviderTest"/>
  <testcase name="f" time="0.574" classname="datadriven_concept.DataproviderTest"/>
  <testcase name="f" time="0.495" classname="datadriven_concept.DataproviderTest"/>
</testsuite> <!-- datadriven_concept.DataproviderTest -->
