<?xml version="1.0" encoding="UTF-8"?>
<!-- Generated by org.testng.reporters.JUnitReportReporter -->
<testsuite skipped="0" hostname="DESKTOP-9AKJP7N" name="Testng_scenario.Fb_screenshotTest" tests="1" failures="0" timestamp="04 Sep 2019 16:46:08 GMT" time="55.896" errors="0">
  <testcase name="screenshot" time="55.896" classname="Testng_scenario.Fb_screenshotTest"/>
</testsuite> <!-- Testng_scenario.Fb_screenshotTest -->
