<?xml version="1.0" encoding="UTF-8"?>
<!-- Generated by org.testng.reporters.JUnitReportReporter -->
<testsuite skipped="0" hostname="DESKTOP-9AKJP7N" name="Testng_scenario.Phptravel_datepickerTest" tests="1" failures="0" timestamp="2019-10-11T21:21:29 IST" time="45.019" errors="0">
  <testcase name="f" time="45.019" classname="Testng_scenario.Phptravel_datepickerTest"/>
</testsuite> <!-- Testng_scenario.Phptravel_datepickerTest -->
