<?xml version="1.0" encoding="UTF-8"?>
<!-- Generated by org.testng.reporters.JUnitReportReporter -->
<testsuite skipped="0" hostname="DESKTOP-9AKJP7N" name="database.patterndataTest" tests="1" failures="0" timestamp="21 Sep 2019 14:40:37 GMT" time="0.434" errors="0">
  <testcase name="pattern" time="0.434" classname="database.patterndataTest"/>
</testsuite> <!-- database.patterndataTest -->
