<?xml version="1.0" encoding="UTF-8"?>
<!-- Generated by org.testng.reporters.JUnitReportReporter -->
<testsuite skipped="0" hostname="DESKTOP-9AKJP7N" name="Testng_scenario.BrokenlinkTest" tests="1" failures="0" timestamp="2019-10-11T14:28:09 IST" time="50.870" errors="0">
  <testcase name="f" time="50.870" classname="Testng_scenario.BrokenlinkTest"/>
</testsuite> <!-- Testng_scenario.BrokenlinkTest -->
