<?xml version="1.0" encoding="UTF-8"?>
<!-- Generated by org.testng.reporters.JUnitReportReporter -->
<testsuite skipped="0" hostname="DESKTOP-9AKJP7N" name="database.sortdataest" tests="1" failures="0" timestamp="22 Sep 2019 06:22:24 GMT" time="0.447" errors="0">
  <testcase name="sort" time="0.447" classname="database.sortdataest"/>
</testsuite> <!-- database.sortdataest -->
